[debug] [2018-09-02T15:53:48.471Z] ----------------------------------------------------------------------
[debug] [2018-09-02T15:53:48.472Z] Command:       /home/unjs/.nvm/versions/node/v10.7.0/bin/node /home/unjs/.nvm/versions/node/v10.7.0/bin/firebase serve --only functions,hosting
[debug] [2018-09-02T15:53:48.472Z] CLI Version:   4.1.0
[debug] [2018-09-02T15:53:48.472Z] Platform:      linux
[debug] [2018-09-02T15:53:48.472Z] Node Version:  v10.7.0
[debug] [2018-09-02T15:53:48.473Z] Time:          Sun Sep 02 2018 10:53:48 GMT-0500 (Colombia Standard Time)
[debug] [2018-09-02T15:53:48.473Z] ----------------------------------------------------------------------
[debug] 
[debug] [2018-09-02T15:53:48.479Z] > command requires scopes: ["email","openid","https://www.googleapis.com/auth/cloudplatformprojects.readonly","https://www.googleapis.com/auth/firebase","https://www.googleapis.com/auth/cloud-platform"]
[debug] [2018-09-02T15:53:48.479Z] > authorizing via signed-in user
[debug] [2018-09-02T15:53:48.481Z] >>> HTTP REQUEST GET https://admin.firebase.com/v1/projects/devcast-7b66e  
 
[debug] [2018-09-02T15:56:18.461Z] ----------------------------------------------------------------------
[debug] [2018-09-02T15:56:18.463Z] Command:       /home/unjs/.nvm/versions/node/v10.7.0/bin/node /home/unjs/.nvm/versions/node/v10.7.0/bin/firebase serve --only functions,hosting
[debug] [2018-09-02T15:56:18.463Z] CLI Version:   4.2.1
[debug] [2018-09-02T15:56:18.463Z] Platform:      linux
[debug] [2018-09-02T15:56:18.463Z] Node Version:  v10.7.0
[debug] [2018-09-02T15:56:18.464Z] Time:          Sun Sep 02 2018 10:56:18 GMT-0500 (Colombia Standard Time)
[debug] [2018-09-02T15:56:18.464Z] ----------------------------------------------------------------------
[debug] 
[debug] [2018-09-02T15:56:18.470Z] > command requires scopes: ["email","openid","https://www.googleapis.com/auth/cloudplatformprojects.readonly","https://www.googleapis.com/auth/firebase","https://www.googleapis.com/auth/cloud-platform"]
[debug] [2018-09-02T15:56:18.470Z] > authorizing via signed-in user
[debug] [2018-09-02T15:56:18.471Z] >>> HTTP REQUEST GET https://admin.firebase.com/v1/projects/devcast-7b66e  
 
[debug] [2018-09-02T15:56:22.970Z] <<< HTTP RESPONSE 200
[debug] [2018-09-02T15:56:22.973Z] >>> HTTP REQUEST GET https://cloudresourcemanager.googleapis.com/v1/projects/devcast-7b66e  
 
[debug] [2018-09-02T15:56:23.964Z] <<< HTTP RESPONSE 200
[info] 
[info] === Serving from '/home/unjs/code/devcast'...
[info] 
[info] i  functions: Preparing to emulate functions.
[debug] [2018-09-02T15:56:24.464Z] Fetching environment
[debug] [2018-09-02T15:56:24.466Z] >>> HTTP REQUEST GET https://mobilesdk-pa.googleapis.com/v1/projects/233837155690:getServerAppConfig  
 
[debug] [2018-09-02T15:56:24.467Z] >>> HTTP REQUEST GET https://mobilesdk-pa.googleapis.com/v1/projects/233837155690/clients/_:getWebAppConfig  
 
[debug] [2018-09-02T15:56:25.089Z] <<< HTTP RESPONSE 200
[debug] [2018-09-02T15:56:25.090Z] Starting @google-cloud/functions-emulator
[debug] [2018-09-02T15:56:25.176Z] <<< HTTP RESPONSE 200
[info] i  hosting[devcast-7b66e]: Serving hosting files from: public
[info] ✔  hosting[devcast-7b66e]: Local server: http://localhost:5000
[debug] [2018-09-02T15:56:26.115Z] Parsing function triggers
[info] ✔  functions: main: http://localhost:5001/devcast-7b66e/us-central1/main
[info] [hosting] Rewriting / to local function main
[info] [hosting] Rewriting / to local function main
[info] [hosting] Rewriting /?o=i to local function main
